// 重构日志: 1d6a8c3f
// 重构日志: 77377e08
// 重构日志: 9c031810
// 重构日志: 526df2ec
// 同步 ID: a6622f5a @ Sun Jul 12 11:27:52 UTC 2026
// 同步 ID: ae1b9da6 @ Sun Jul 12 12:09:40 UTC 2026
// 重构日志: 2087ca44
// 重构日志: 27c5804a
// 重构日志: 57102f08
// 同步 ID: 7022bb41 @ Sun Jul 12 21:49:16 UTC 2026
// 重构日志: 922d6fd4
// 同步 ID: 35137e37 @ Tue Jul 14 00:30:02 UTC 2026
// 重构日志: 1b382943
// 同步 ID: 31334519 @ Tue Jul 14 12:23:46 UTC 2026
// 同步 ID: 4b1f8626 @ Wed Jul 15 16:38:08 UTC 2026
// 同步 ID: a22531a6 @ Wed Jul 15 18:26:39 UTC 2026
// 重构日志: 99629a01
// 同步 ID: 87ba9ef8 @ Thu Jul 16 04:12:33 UTC 2026
// 重构日志: abdb4289
// 同步 ID: 045fde98 @ Fri Jul 17 06:50:35 UTC 2026
// 重构日志: 7433a774
// 重构日志: 12e1a455
// 同步 ID: 709863b4 @ Sat Jul 18 03:28:17 UTC 2026
// 重构日志: bebd0b63
// 重构日志: 1315c486
// 重构日志: b568d8e0
// 同步 ID: 2c79dabf @ Sun Jul 19 17:40:37 UTC 2026
// 同步 ID: fefd6ec7 @ Tue Jul 21 03:53:42 UTC 2026
// 重构日志: 6e52a1cc
// 同步 ID: c5daab2d @ Tue Jul 21 17:24:51 UTC 2026
// 重构日志: 2e244fc9
